0 info it worked if it ends with ok
1 verbose cli [ '/Users/chenchaoqun/.nvm/versions/node/v4.6.2/bin/node',
1 verbose cli   '/Users/chenchaoqun/.nvm/versions/node/v4.6.2/bin/npm',
1 verbose cli   'run',
1 verbose cli   'ghpages' ]
2 info using npm@2.15.11
3 info using node@v4.6.2
4 verbose run-script [ 'preghpages', 'ghpages', 'postghpages' ]
5 info preghpages atui@0.1.34
6 info ghpages atui@0.1.34
7 verbose unsafe-perm in lifecycle true
8 info atui@0.1.34 Failed to exec ghpages script
9 verbose stack Error: atui@0.1.34 ghpages: `bisheng build -c ./site/bisheng.config.js && sh post-site.sh && gh-pages -d _site`
9 verbose stack Exit status 1
9 verbose stack     at EventEmitter.<anonymous> (/Users/chenchaoqun/.nvm/versions/node/v4.6.2/lib/node_modules/npm/lib/utils/lifecycle.js:217:16)
9 verbose stack     at emitTwo (events.js:87:13)
9 verbose stack     at EventEmitter.emit (events.js:172:7)
9 verbose stack     at ChildProcess.<anonymous> (/Users/chenchaoqun/.nvm/versions/node/v4.6.2/lib/node_modules/npm/lib/utils/spawn.js:24:14)
9 verbose stack     at emitTwo (events.js:87:13)
9 verbose stack     at ChildProcess.emit (events.js:172:7)
9 verbose stack     at maybeClose (internal/child_process.js:854:16)
9 verbose stack     at Process.ChildProcess._handle.onexit (internal/child_process.js:222:5)
10 verbose pkgid atui@0.1.34
11 verbose cwd /Users/chenchaoqun/github/atui
12 error Darwin 18.5.0
13 error argv "/Users/chenchaoqun/.nvm/versions/node/v4.6.2/bin/node" "/Users/chenchaoqun/.nvm/versions/node/v4.6.2/bin/npm" "run" "ghpages"
14 error node v4.6.2
15 error npm  v2.15.11
16 error code ELIFECYCLE
17 error atui@0.1.34 ghpages: `bisheng build -c ./site/bisheng.config.js && sh post-site.sh && gh-pages -d _site`
17 error Exit status 1
18 error Failed at the atui@0.1.34 ghpages script 'bisheng build -c ./site/bisheng.config.js && sh post-site.sh && gh-pages -d _site'.
18 error This is most likely a problem with the atui package,
18 error not with npm itself.
18 error Tell the author that this fails on your system:
18 error     bisheng build -c ./site/bisheng.config.js && sh post-site.sh && gh-pages -d _site
18 error You can get information on how to open an issue for this project with:
18 error     npm bugs atui
18 error Or if that isn't available, you can get their info via:
18 error
18 error     npm owner ls atui
18 error There is likely additional logging output above.
19 verbose exit [ 1, true ]
